{"/Users/apple/Desktop/ReactNativeBase/src/components/index.js": {"path":"/Users/apple/Desktop/ReactNativeBase/src/components/index.js","statementMap":{"0":{"start":{"line":1,"column":42},"end":{"line":1,"column":97}},"1":{"start":{"line":1,"column":98},"end":{"line":1,"column":160}},"2":{"start":{"line":1,"column":160},"end":{"line":1,"column":268}},"3":{"start":{"line":1,"column":241},"end":{"line":1,"column":263}},"4":{"start":{"line":1,"column":268},"end":{"line":1,"column":378}},"5":{"start":{"line":1,"column":350},"end":{"line":1,"column":373}},"6":{"start":{"line":2,"column":13},"end":{"line":2,"column":55}},"7":{"start":{"line":3,"column":14},"end":{"line":3,"column":57}}},"fnMap":{"0":{"name":"get","decl":{"start":{"line":1,"column":234},"end":{"line":1,"column":237}},"loc":{"start":{"line":1,"column":240},"end":{"line":1,"column":264}},"line":1},"1":{"name":"get","decl":{"start":{"line":1,"column":343},"end":{"line":1,"column":346}},"loc":{"start":{"line":1,"column":349},"end":{"line":1,"column":374}},"line":1}},"branchMap":{},"s":{"0":2,"1":2,"2":2,"3":1,"4":2,"5":1,"6":2,"7":2},"f":{"0":1,"1":1},"b":{},"_coverageSchema":"43e27e138ebf9cfc5966b082cf9a028302ed4184","hash":"775eb1032f57f4ae48f75c64ab484d6c8f02b464"}
,"/Users/apple/Desktop/ReactNativeBase/src/components/Button/Button.style.js": {"path":"/Users/apple/Desktop/ReactNativeBase/src/components/Button/Button.style.js","statementMap":{"0":{"start":{"line":1,"column":13},"end":{"line":1,"column":75}},"1":{"start":{"line":1,"column":75},"end":{"line":1,"column":100}},"2":{"start":{"line":1,"column":119},"end":{"line":1,"column":142}},"3":{"start":{"line":3,"column":0},"end":{"line":4,"column":18}},"4":{"start":{"line":4,"column":19},"end":{"line":4,"column":46}}},"fnMap":{},"branchMap":{},"s":{"0":2,"1":2,"2":2,"3":2,"4":2},"f":{},"b":{},"_coverageSchema":"43e27e138ebf9cfc5966b082cf9a028302ed4184","hash":"1f9b0ca0c6d86eb9528a091cbf9cdc9c65f3c1b6"}
,"/Users/apple/Desktop/ReactNativeBase/src/components/Button/index.js": {"path":"/Users/apple/Desktop/ReactNativeBase/src/components/Button/index.js","statementMap":{"0":{"start":{"line":1,"column":42},"end":{"line":1,"column":97}},"1":{"start":{"line":1,"column":128},"end":{"line":1,"column":184}},"2":{"start":{"line":1,"column":185},"end":{"line":1,"column":247}},"3":{"start":{"line":1,"column":247},"end":{"line":1,"column":272}},"4":{"start":{"line":1,"column":295},"end":{"line":1,"column":367}},"5":{"start":{"line":1,"column":388},"end":{"line":1,"column":457}},"6":{"start":{"line":1,"column":492},"end":{"line":1,"column":575}},"7":{"start":{"line":1,"column":599},"end":{"line":1,"column":671}},"8":{"start":{"line":1,"column":689},"end":{"line":1,"column":755}},"9":{"start":{"line":3,"column":13},"end":{"line":3,"column":54}},"10":{"start":{"line":4,"column":19},"end":{"line":4,"column":42}},"11":{"start":{"line":5,"column":17},"end":{"line":5,"column":62}},"12":{"start":{"line":8,"column":14},"end":{"line":8,"column":63}},"13":{"start":{"line":8,"column":83},"end":{"line":8,"column":152}},"14":{"start":{"line":10,"column":9},"end":{"line":21,"column":47}},"15":{"start":{"line":10,"column":36},"end":{"line":10,"column":84}},"16":{"start":{"line":10,"column":103},"end":{"line":10,"column":147}},"17":{"start":{"line":10,"column":147},"end":{"line":10,"column":263}},"18":{"start":{"line":10,"column":264},"end":{"line":21,"column":10}},"19":{"start":{"line":16,"column":6},"end":{"line":18,"column":126}},"20":{"start":{"line":21,"column":10},"end":{"line":21,"column":24}},"21":{"start":{"line":21,"column":48},"end":{"line":21,"column":73}},"22":{"start":{"line":21,"column":73},"end":{"line":21,"column":95}},"23":{"start":{"line":24,"column":0},"end":{"line":24,"column":6}},"24":{"start":{"line":24,"column":7},"end":{"line":24,"column":34}}},"fnMap":{"0":{"name":"(anonymous_0)","decl":{"start":{"line":10,"column":9},"end":{"line":10,"column":10}},"loc":{"start":{"line":10,"column":35},"end":{"line":21,"column":25}},"line":10},"1":{"name":"Button","decl":{"start":{"line":10,"column":93},"end":{"line":10,"column":99}},"loc":{"start":{"line":10,"column":102},"end":{"line":10,"column":264}},"line":10},"2":{"name":"render","decl":{"start":{"line":10,"column":333},"end":{"line":10,"column":339}},"loc":{"start":{"line":15,"column":4},"end":{"line":21,"column":5}},"line":15}},"branchMap":{},"s":{"0":2,"1":2,"2":2,"3":2,"4":2,"5":2,"6":2,"7":2,"8":2,"9":2,"10":2,"11":2,"12":2,"13":2,"14":2,"15":2,"16":1,"17":1,"18":2,"19":1,"20":2,"21":2,"22":2,"23":2,"24":2},"f":{"0":2,"1":1,"2":1},"b":{},"_coverageSchema":"43e27e138ebf9cfc5966b082cf9a028302ed4184","hash":"09ba3b386c85668cfdf7375325ee3d118a4aa60c"}
,"/Users/apple/Desktop/ReactNativeBase/src/components/Image/Image.style.js": {"path":"/Users/apple/Desktop/ReactNativeBase/src/components/Image/Image.style.js","statementMap":{"0":{"start":{"line":1,"column":13},"end":{"line":1,"column":75}},"1":{"start":{"line":1,"column":75},"end":{"line":1,"column":100}},"2":{"start":{"line":2,"column":19},"end":{"line":2,"column":42}},"3":{"start":{"line":4,"column":0},"end":{"line":4,"column":34}},"4":{"start":{"line":4,"column":35},"end":{"line":4,"column":62}}},"fnMap":{},"branchMap":{},"s":{"0":2,"1":2,"2":2,"3":2,"4":2},"f":{},"b":{},"_coverageSchema":"43e27e138ebf9cfc5966b082cf9a028302ed4184","hash":"b7e335f3c60e0ddbc60269a180a25b7463a28a58"}
,"/Users/apple/Desktop/ReactNativeBase/src/components/Image/index.js": {"path":"/Users/apple/Desktop/ReactNativeBase/src/components/Image/index.js","statementMap":{"0":{"start":{"line":1,"column":42},"end":{"line":1,"column":97}},"1":{"start":{"line":1,"column":128},"end":{"line":1,"column":184}},"2":{"start":{"line":1,"column":185},"end":{"line":1,"column":247}},"3":{"start":{"line":1,"column":247},"end":{"line":1,"column":272}},"4":{"start":{"line":1,"column":295},"end":{"line":1,"column":367}},"5":{"start":{"line":1,"column":388},"end":{"line":1,"column":457}},"6":{"start":{"line":1,"column":492},"end":{"line":1,"column":575}},"7":{"start":{"line":1,"column":599},"end":{"line":1,"column":671}},"8":{"start":{"line":1,"column":689},"end":{"line":1,"column":755}},"9":{"start":{"line":3,"column":13},"end":{"line":3,"column":54}},"10":{"start":{"line":4,"column":19},"end":{"line":4,"column":42}},"11":{"start":{"line":5,"column":17},"end":{"line":5,"column":62}},"12":{"start":{"line":8,"column":13},"end":{"line":8,"column":61}},"13":{"start":{"line":8,"column":81},"end":{"line":8,"column":149}},"14":{"start":{"line":10,"column":8},"end":{"line":17,"column":46}},"15":{"start":{"line":10,"column":35},"end":{"line":10,"column":82}},"16":{"start":{"line":10,"column":100},"end":{"line":10,"column":143}},"17":{"start":{"line":10,"column":143},"end":{"line":10,"column":258}},"18":{"start":{"line":10,"column":259},"end":{"line":17,"column":10}},"19":{"start":{"line":16,"column":6},"end":{"line":16,"column":152}},"20":{"start":{"line":17,"column":10},"end":{"line":17,"column":23}},"21":{"start":{"line":17,"column":47},"end":{"line":17,"column":71}},"22":{"start":{"line":17,"column":71},"end":{"line":17,"column":92}},"23":{"start":{"line":20,"column":0},"end":{"line":20,"column":5}},"24":{"start":{"line":20,"column":6},"end":{"line":20,"column":33}}},"fnMap":{"0":{"name":"(anonymous_0)","decl":{"start":{"line":10,"column":8},"end":{"line":10,"column":9}},"loc":{"start":{"line":10,"column":34},"end":{"line":17,"column":24}},"line":10},"1":{"name":"Image","decl":{"start":{"line":10,"column":91},"end":{"line":10,"column":96}},"loc":{"start":{"line":10,"column":99},"end":{"line":10,"column":259}},"line":10},"2":{"name":"render","decl":{"start":{"line":10,"column":327},"end":{"line":10,"column":333}},"loc":{"start":{"line":15,"column":4},"end":{"line":17,"column":5}},"line":15}},"branchMap":{},"s":{"0":2,"1":2,"2":2,"3":2,"4":2,"5":2,"6":2,"7":2,"8":2,"9":2,"10":2,"11":2,"12":2,"13":2,"14":2,"15":2,"16":1,"17":1,"18":2,"19":1,"20":2,"21":2,"22":2,"23":2,"24":2},"f":{"0":2,"1":1,"2":1},"b":{},"_coverageSchema":"43e27e138ebf9cfc5966b082cf9a028302ed4184","hash":"89066a42954bf19a994c35e91ae1e463b0a9b9a7"}
}
