TN:
SF:/Users/apple/Desktop/ReactNativeBase/src/components/index.js
FN:1,get
FN:1,get
FNF:2
FNH:2
FNDA:1,get
FNDA:1,get
DA:1,2
DA:2,2
DA:3,2
LF:3
LH:3
BRF:0
BRH:0
end_of_record
TN:
SF:/Users/apple/Desktop/ReactNativeBase/src/components/Button/Button.style.js
FNF:0
FNH:0
DA:1,2
DA:3,2
DA:4,2
LF:3
LH:3
BRF:0
BRH:0
end_of_record
TN:
SF:/Users/apple/Desktop/ReactNativeBase/src/components/Button/index.js
FN:10,(anonymous_0)
FN:10,Button
FN:10,render
FNF:3
FNH:3
FNDA:2,(anonymous_0)
FNDA:1,Button
FNDA:1,render
DA:1,2
DA:3,2
DA:4,2
DA:5,2
DA:8,2
DA:10,2
DA:16,1
DA:21,2
DA:24,2
LF:9
LH:9
BRF:0
BRH:0
end_of_record
TN:
SF:/Users/apple/Desktop/ReactNativeBase/src/components/Image/Image.style.js
FNF:0
FNH:0
DA:1,2
DA:2,2
DA:4,2
LF:3
LH:3
BRF:0
BRH:0
end_of_record
TN:
SF:/Users/apple/Desktop/ReactNativeBase/src/components/Image/index.js
FN:10,(anonymous_0)
FN:10,Image
FN:10,render
FNF:3
FNH:3
FNDA:2,(anonymous_0)
FNDA:1,Image
FNDA:1,render
DA:1,2
DA:3,2
DA:4,2
DA:5,2
DA:8,2
DA:10,2
DA:16,1
DA:17,2
DA:20,2
LF:9
LH:9
BRF:0
BRH:0
end_of_record
